<?xml version="1.0" encoding="UTF-8"?>
<robot generator="Robot 6.1.1 (Python 3.11.2 on win32)" generated="20231006 11:22:24.923" rpa="false" schemaversion="4">
<suite id="s1" name="Oct Task 4" source="C:\Users\ChanikyaN-3227\PycharmProjects\October 2023\Oct Task 4.robot">
<test id="s1-t1" name="Flight Booking MakeMyTrip" line="26">
<kw name="Open Browser" library="SeleniumLibrary">
<arg>https://www.makemytrip.com/</arg>
<arg>chrome</arg>
<doc>Opens a new browser instance to the optional ``url``.</doc>
<msg timestamp="20231006 11:22:25.173" level="INFO">Opening browser 'chrome' to base url 'https://www.makemytrip.com/'.</msg>
<status status="PASS" starttime="20231006 11:22:25.173" endtime="20231006 11:22:29.702"/>
</kw>
<kw name="Maximize Browser Window" library="SeleniumLibrary">
<doc>Maximizes current browser window.</doc>
<status status="PASS" starttime="20231006 11:22:29.702" endtime="20231006 11:22:29.815"/>
</kw>
<kw name="Set Selenium Speed" library="SeleniumLibrary">
<arg>2s</arg>
<doc>Sets the delay that is waited after each Selenium command.</doc>
<status status="PASS" starttime="20231006 11:22:29.816" endtime="20231006 11:22:29.816"/>
</kw>
<kw name="Click Element" library="SeleniumLibrary">
<arg>xpath://span[@class='commonModal__close']</arg>
<doc>Click the element identified by ``locator``.</doc>
<msg timestamp="20231006 11:22:29.818" level="INFO">Clicking element 'xpath://span[@class='commonModal__close']'.</msg>
<status status="PASS" starttime="20231006 11:22:29.817" endtime="20231006 11:22:34.047"/>
</kw>
<kw name="Click Element" library="SeleniumLibrary">
<arg>xpath://label[@for='fromCity']</arg>
<doc>Click the element identified by ``locator``.</doc>
<msg timestamp="20231006 11:22:34.047" level="INFO">Clicking element 'xpath://label[@for='fromCity']'.</msg>
<status status="PASS" starttime="20231006 11:22:34.047" endtime="20231006 11:22:38.236"/>
</kw>
<kw name="Input Text" library="SeleniumLibrary">
<arg>xpath://input[@placeholder='From']</arg>
<arg>bangalore</arg>
<doc>Types the given ``text`` into the text field identified by ``locator``.</doc>
<msg timestamp="20231006 11:22:38.236" level="INFO">Typing text 'bangalore' into text field 'xpath://input[@placeholder='From']'.</msg>
<status status="PASS" starttime="20231006 11:22:38.236" endtime="20231006 11:22:44.431"/>
</kw>
<kw name="Click Element" library="SeleniumLibrary">
<arg>xpath://ul[@role='listbox']/li[1]</arg>
<doc>Click the element identified by ``locator``.</doc>
<msg timestamp="20231006 11:22:44.431" level="INFO">Clicking element 'xpath://ul[@role='listbox']/li[1]'.</msg>
<status status="PASS" starttime="20231006 11:22:44.431" endtime="20231006 11:22:48.570"/>
</kw>
<kw name="Click Element" library="SeleniumLibrary">
<arg>xpath://label[@for='toCity']</arg>
<doc>Click the element identified by ``locator``.</doc>
<msg timestamp="20231006 11:22:48.570" level="INFO">Clicking element 'xpath://label[@for='toCity']'.</msg>
<status status="PASS" starttime="20231006 11:22:48.570" endtime="20231006 11:22:52.738"/>
</kw>
<kw name="Input Text" library="SeleniumLibrary">
<arg>xpath://input[@placeholder='To']</arg>
<arg>hyderabad</arg>
<doc>Types the given ``text`` into the text field identified by ``locator``.</doc>
<msg timestamp="20231006 11:22:52.738" level="INFO">Typing text 'hyderabad' into text field 'xpath://input[@placeholder='To']'.</msg>
<status status="PASS" starttime="20231006 11:22:52.738" endtime="20231006 11:22:58.920"/>
</kw>
<kw name="Click Element" library="SeleniumLibrary">
<arg>xpath://ul[@role='listbox']/li[1]</arg>
<doc>Click the element identified by ``locator``.</doc>
<msg timestamp="20231006 11:22:58.920" level="INFO">Clicking element 'xpath://ul[@role='listbox']/li[1]'.</msg>
<status status="PASS" starttime="20231006 11:22:58.920" endtime="20231006 11:23:03.080"/>
</kw>
<kw name="Click Element" library="SeleniumLibrary">
<arg>xpath:(//div[@class="dateInnerCell"])[10]</arg>
<doc>Click the element identified by ``locator``.</doc>
<msg timestamp="20231006 11:23:03.080" level="INFO">Clicking element 'xpath:(//div[@class="dateInnerCell"])[10]'.</msg>
<status status="PASS" starttime="20231006 11:23:03.080" endtime="20231006 11:23:07.232"/>
</kw>
<kw name="Click Element" library="SeleniumLibrary">
<arg>xpath://a[.='Search']</arg>
<doc>Click the element identified by ``locator``.</doc>
<msg timestamp="20231006 11:23:07.232" level="INFO">Clicking element 'xpath://a[.='Search']'.</msg>
<status status="PASS" starttime="20231006 11:23:07.232" endtime="20231006 11:23:11.881"/>
</kw>
<tag>makemytrip</tag>
<status status="PASS" starttime="20231006 11:22:25.158" endtime="20231006 11:23:11.881"/>
</test>
<status status="PASS" starttime="20231006 11:22:24.923" endtime="20231006 11:23:11.881"/>
</suite>
<statistics>
<total>
<stat pass="1" fail="0" skip="0">All Tests</stat>
</total>
<tag>
<stat pass="1" fail="0" skip="0">makemytrip</stat>
</tag>
<suite>
<stat pass="1" fail="0" skip="0" id="s1" name="Oct Task 4">Oct Task 4</stat>
</suite>
</statistics>
<errors>
</errors>
</robot>
